2026-07-04 16:04:32,419 WARNING visitor_counter.tracker: Ultralytics is installed, but the embedded fallback tracker is active until ByteTrack wiring is configured.
2026-07-04 16:04:32,420 WARNING visitor_counter.tracker: Ultralytics is installed, but the embedded fallback tracker is active until ByteTrack wiring is configured.
2026-07-04 16:04:32,420 WARNING visitor_counter.tracker: Ultralytics is installed, but the embedded fallback tracker is active until ByteTrack wiring is configured.
2026-07-04 16:04:32,420 INFO visitor_counter.inference_pipeline: Starting processing pipeline
2026-07-04 16:04:32,420 INFO visitor_counter.gui: Display raw frames only mode: False
[0;93m2026-07-04 16:04:33.247921803 [W:onnxruntime:Default, device_discovery.cc:283 GetGpuDevices] Failed to detect devices under "/sys/class/drm/card1": device_discovery.cc:93 ReadFileContents Failed to open file: "/sys/class/drm/card1/device/vendor"[m
[0;93m2026-07-04 16:04:33.247980786 [W:onnxruntime:Default, device_discovery.cc:283 GetGpuDevices] Failed to detect devices under "/sys/class/drm/card0": device_discovery.cc:93 ReadFileContents Failed to open file: "/sys/class/drm/card0/device/vendor"[m
2026-07-04 16:04:33,269 INFO visitor_counter.hailo_manager: Loaded yolo26_detection ONNX postprocess: /home/raspibob/PersonenZ-hler/models/yolo26m_postprocessing.onnx
2026-07-04 16:04:33,270 INFO visitor_counter.hailo_manager: YOLO26m COCO Detection HAILO10H (person filter) - Hailo-Inferenz aktiv (yolo26m_detection_hailo10h_640.hef, f1435f7235c7, HAILO10H)
2026-07-04 16:04:34,352 INFO visitor_counter.camera_manager: CAMERA_CAPTURE camera=camera_1 frame=30 shape=1280x720 timestamp=1783173874.352
2026-07-04 16:04:34,352 INFO visitor_counter.camera_manager: FRAME_PUBLISH camera=camera_1 frame=30
2026-07-04 16:04:34,540 INFO visitor_counter.camera_manager: CAMERA_CAPTURE camera=camera_2 frame=30 shape=1280x720 timestamp=1783173874.537
2026-07-04 16:04:34,540 INFO visitor_counter.camera_manager: FRAME_PUBLISH camera=camera_2 frame=30
2026-07-04 16:04:34,571 INFO visitor_counter.gui: GUI_RECEIVE camera=camera_2 frame=30 age_ms=34.4
2026-07-04 16:04:34,574 INFO visitor_counter.gui: GUI_RENDER camera=camera_2 frame=30 source=raw timestamp=1783173874.575
2026-07-04 16:04:34,577 INFO visitor_counter.gui: GUI_RENDER camera=camera_2 frame=30 source=processed timestamp=1783173874.578
2026-07-04 16:04:35,346 INFO visitor_counter.camera_manager: CAMERA_CAPTURE camera=camera_1 frame=60 shape=1280x720 timestamp=1783173875.347
2026-07-04 16:04:35,347 INFO visitor_counter.camera_manager: FRAME_PUBLISH camera=camera_1 frame=60
2026-07-04 16:04:35,837 INFO visitor_counter.camera_manager: CAMERA_CAPTURE camera=camera_2 frame=60 shape=1280x720 timestamp=1783173875.838
2026-07-04 16:04:35,837 INFO visitor_counter.camera_manager: FRAME_PUBLISH camera=camera_2 frame=60
2026-07-04 16:04:36,363 INFO visitor_counter.camera_manager: CAMERA_CAPTURE camera=camera_1 frame=90 shape=1280x720 timestamp=1783173876.360
2026-07-04 16:04:36,363 INFO visitor_counter.camera_manager: FRAME_PUBLISH camera=camera_1 frame=90
2026-07-04 16:04:36,415 INFO visitor_counter.gui: GUI_RECEIVE camera=camera_1 frame=90 age_ms=56.0
2026-07-04 16:04:36,418 INFO visitor_counter.gui: GUI_RENDER camera=camera_1 frame=90 source=raw timestamp=1783173876.418
2026-07-04 16:04:37,365 INFO visitor_counter.camera_manager: CAMERA_CAPTURE camera=camera_1 frame=120 shape=1280x720 timestamp=1783173877.359
2026-07-04 16:04:37,365 INFO visitor_counter.camera_manager: FRAME_PUBLISH camera=camera_1 frame=120
2026-07-04 16:04:37,421 INFO visitor_counter.gui: GUI_RECEIVE camera=camera_1 frame=120 age_ms=62.7
2026-07-04 16:04:37,423 INFO visitor_counter.gui: GUI_RENDER camera=camera_1 frame=120 source=raw timestamp=1783173877.423
2026-07-04 16:04:37,426 INFO visitor_counter.gui: GUI_RENDER camera=camera_1 frame=120 source=processed timestamp=1783173877.426
2026-07-04 16:04:37,815 INFO visitor_counter.camera_manager: CAMERA_CAPTURE camera=camera_2 frame=90 shape=1280x720 timestamp=1783173877.813
2026-07-04 16:04:37,819 INFO visitor_counter.camera_manager: FRAME_PUBLISH camera=camera_2 frame=90
2026-07-04 16:04:37,870 INFO visitor_counter.gui: GUI_RECEIVE camera=camera_2 frame=90 age_ms=57.6
2026-07-04 16:04:37,874 INFO visitor_counter.gui: GUI_RENDER camera=camera_2 frame=90 source=raw timestamp=1783173877.875
2026-07-04 16:04:37,879 INFO visitor_counter.gui: GUI_RENDER camera=camera_2 frame=90 source=processed timestamp=1783173877.880
2026-07-04 16:04:38,355 INFO visitor_counter.camera_manager: CAMERA_CAPTURE camera=camera_1 frame=150 shape=1280x720 timestamp=1783173878.356
2026-07-04 16:04:38,356 INFO visitor_counter.camera_manager: FRAME_PUBLISH camera=camera_1 frame=150
2026-07-04 16:04:39,371 INFO visitor_counter.camera_manager: CAMERA_CAPTURE camera=camera_1 frame=180 shape=1280x720 timestamp=1783173879.365
2026-07-04 16:04:39,379 INFO visitor_counter.camera_manager: FRAME_PUBLISH camera=camera_1 frame=180
2026-07-04 16:04:39,425 INFO visitor_counter.gui: GUI_RECEIVE camera=camera_1 frame=180 age_ms=60.4
2026-07-04 16:04:39,428 INFO visitor_counter.gui: GUI_RENDER camera=camera_1 frame=180 source=raw timestamp=1783173879.428
2026-07-04 16:04:39,483 INFO visitor_counter.gui: GUI_RENDER camera=camera_1 frame=180 source=processed timestamp=1783173879.484
2026-07-04 16:04:39,805 INFO visitor_counter.camera_manager: CAMERA_CAPTURE camera=camera_2 frame=120 shape=1280x720 timestamp=1783173879.803
2026-07-04 16:04:39,805 INFO visitor_counter.camera_manager: FRAME_PUBLISH camera=camera_2 frame=120
2026-07-04 16:04:39,826 INFO visitor_counter.gui: GUI_RECEIVE camera=camera_2 frame=120 age_ms=23.3
2026-07-04 16:04:39,830 INFO visitor_counter.gui: GUI_RENDER camera=camera_2 frame=120 source=raw timestamp=1783173879.831
2026-07-04 16:04:39,906 INFO visitor_counter.gui: GUI_RENDER camera=camera_2 frame=120 source=processed timestamp=1783173879.907
2026-07-04 16:04:40,372 INFO visitor_counter.camera_manager: CAMERA_CAPTURE camera=camera_1 frame=210 shape=1280x720 timestamp=1783173880.361
2026-07-04 16:04:40,372 INFO visitor_counter.camera_manager: FRAME_PUBLISH camera=camera_1 frame=210
2026-07-04 16:04:40,422 INFO visitor_counter.gui: GUI_RECEIVE camera=camera_1 frame=210 age_ms=61.1
2026-07-04 16:04:40,432 INFO visitor_counter.gui: GUI_RENDER camera=camera_1 frame=210 source=raw timestamp=1783173880.432
2026-07-04 16:04:41,361 INFO visitor_counter.camera_manager: CAMERA_CAPTURE camera=camera_1 frame=240 shape=1280x720 timestamp=1783173881.361
2026-07-04 16:04:41,361 INFO visitor_counter.camera_manager: FRAME_PUBLISH camera=camera_1 frame=240
2026-07-04 16:04:41,806 INFO visitor_counter.camera_manager: CAMERA_CAPTURE camera=camera_2 frame=150 shape=1280x720 timestamp=1783173881.804
2026-07-04 16:04:41,806 INFO visitor_counter.camera_manager: FRAME_PUBLISH camera=camera_2 frame=150
2026-07-04 16:04:41,854 INFO visitor_counter.gui: GUI_RECEIVE camera=camera_2 frame=150 age_ms=50.4
2026-07-04 16:04:41,856 INFO visitor_counter.gui: GUI_RENDER camera=camera_2 frame=150 source=raw timestamp=1783173881.857
2026-07-04 16:04:42,377 INFO visitor_counter.camera_manager: CAMERA_CAPTURE camera=camera_1 frame=270 shape=1280x720 timestamp=1783173882.375
2026-07-04 16:04:42,377 INFO visitor_counter.camera_manager: FRAME_PUBLISH camera=camera_1 frame=270
2026-07-04 16:04:42,384 INFO visitor_counter.gui: GUI_RECEIVE camera=camera_1 frame=270 age_ms=9.6
2026-07-04 16:04:42,386 INFO visitor_counter.gui: GUI_RENDER camera=camera_1 frame=270 source=raw timestamp=1783173882.387
2026-07-04 16:04:43,410 INFO visitor_counter.camera_manager: CAMERA_CAPTURE camera=camera_1 frame=300 shape=1280x720 timestamp=1783173883.407
2026-07-04 16:04:43,410 INFO visitor_counter.camera_manager: FRAME_PUBLISH camera=camera_1 frame=300
2026-07-04 16:04:43,418 INFO visitor_counter.gui: GUI_RECEIVE camera=camera_1 frame=300 age_ms=11.7
2026-07-04 16:04:43,420 INFO visitor_counter.gui: GUI_RENDER camera=camera_1 frame=300 source=raw timestamp=1783173883.421
2026-07-04 16:04:43,808 INFO visitor_counter.camera_manager: CAMERA_CAPTURE camera=camera_2 frame=180 shape=1280x720 timestamp=1783173883.805
2026-07-04 16:04:43,809 INFO visitor_counter.camera_manager: FRAME_PUBLISH camera=camera_2 frame=180
2026-07-04 16:04:43,859 INFO visitor_counter.gui: GUI_RECEIVE camera=camera_2 frame=180 age_ms=53.9
2026-07-04 16:04:43,861 INFO visitor_counter.gui: GUI_RENDER camera=camera_2 frame=180 source=raw timestamp=1783173883.862
2026-07-04 16:04:43,864 INFO visitor_counter.gui: GUI_RENDER camera=camera_2 frame=180 source=processed timestamp=1783173883.865
2026-07-04 16:04:44,400 INFO visitor_counter.camera_manager: CAMERA_CAPTURE camera=camera_1 frame=330 shape=1280x720 timestamp=1783173884.400
2026-07-04 16:04:44,409 INFO visitor_counter.camera_manager: FRAME_PUBLISH camera=camera_1 frame=330
2026-07-04 16:04:45,408 INFO visitor_counter.camera_manager: CAMERA_CAPTURE camera=camera_1 frame=360 shape=1280x720 timestamp=1783173885.405
2026-07-04 16:04:45,408 INFO visitor_counter.camera_manager: FRAME_PUBLISH camera=camera_1 frame=360
2026-07-04 16:04:45,441 INFO visitor_counter.gui: GUI_RECEIVE camera=camera_1 frame=360 age_ms=36.7
2026-07-04 16:04:45,445 INFO visitor_counter.gui: GUI_RENDER camera=camera_1 frame=360 source=raw timestamp=1783173885.445
2026-07-04 16:04:45,796 INFO visitor_counter.camera_manager: CAMERA_CAPTURE camera=camera_2 frame=210 shape=1280x720 timestamp=1783173885.796
2026-07-04 16:04:45,796 INFO visitor_counter.camera_manager: FRAME_PUBLISH camera=camera_2 frame=210
2026-07-04 16:04:46,406 INFO visitor_counter.camera_manager: CAMERA_CAPTURE camera=camera_1 frame=390 shape=1280x720 timestamp=1783173886.404
2026-07-04 16:04:46,407 INFO visitor_counter.camera_manager: FRAME_PUBLISH camera=camera_1 frame=390
2026-07-04 16:04:46,426 INFO visitor_counter.gui: GUI_RECEIVE camera=camera_1 frame=390 age_ms=22.4
2026-07-04 16:04:46,430 INFO visitor_counter.gui: GUI_RENDER camera=camera_1 frame=390 source=raw timestamp=1783173886.431
2026-07-04 16:04:46,483 INFO visitor_counter.gui: GUI_RENDER camera=camera_1 frame=390 source=processed timestamp=1783173886.484
2026-07-04 16:04:47,412 INFO visitor_counter.camera_manager: CAMERA_CAPTURE camera=camera_1 frame=420 shape=1280x720 timestamp=1783173887.410
2026-07-04 16:04:47,412 INFO visitor_counter.camera_manager: FRAME_PUBLISH camera=camera_1 frame=420
2026-07-04 16:04:47,464 INFO visitor_counter.gui: GUI_RECEIVE camera=camera_1 frame=420 age_ms=54.8
2026-07-04 16:04:47,466 INFO visitor_counter.gui: GUI_RENDER camera=camera_1 frame=420 source=raw timestamp=1783173887.467
2026-07-04 16:04:47,796 INFO visitor_counter.camera_manager: CAMERA_CAPTURE camera=camera_2 frame=240 shape=1280x720 timestamp=1783173887.796
2026-07-04 16:04:47,796 INFO visitor_counter.camera_manager: FRAME_PUBLISH camera=camera_2 frame=240
2026-07-04 16:04:48,419 INFO visitor_counter.camera_manager: CAMERA_CAPTURE camera=camera_1 frame=450 shape=1280x720 timestamp=1783173888.419
2026-07-04 16:04:48,423 INFO visitor_counter.camera_manager: FRAME_PUBLISH camera=camera_1 frame=450
2026-07-04 16:04:49,413 INFO visitor_counter.camera_manager: CAMERA_CAPTURE camera=camera_1 frame=480 shape=1280x720 timestamp=1783173889.414
2026-07-04 16:04:49,427 INFO visitor_counter.camera_manager: FRAME_PUBLISH camera=camera_1 frame=480
2026-07-04 16:04:49,809 INFO visitor_counter.camera_manager: CAMERA_CAPTURE camera=camera_2 frame=270 shape=1280x720 timestamp=1783173889.807
2026-07-04 16:04:49,809 INFO visitor_counter.camera_manager: FRAME_PUBLISH camera=camera_2 frame=270
2026-07-04 16:04:49,820 INFO visitor_counter.gui: GUI_RECEIVE camera=camera_2 frame=270 age_ms=13.5
2026-07-04 16:04:49,822 INFO visitor_counter.gui: GUI_RENDER camera=camera_2 frame=270 source=raw timestamp=1783173889.823
2026-07-04 16:04:49,944 INFO visitor_counter.gui: GUI_RENDER camera=camera_2 frame=270 source=processed timestamp=1783173889.945
2026-07-04 16:04:50,418 INFO visitor_counter.camera_manager: CAMERA_CAPTURE camera=camera_1 frame=510 shape=1280x720 timestamp=1783173890.417
2026-07-04 16:04:50,419 INFO visitor_counter.camera_manager: FRAME_PUBLISH camera=camera_1 frame=510
2026-07-04 16:04:50,458 INFO visitor_counter.gui: GUI_RECEIVE camera=camera_1 frame=510 age_ms=41.8
2026-07-04 16:04:50,460 INFO visitor_counter.gui: GUI_RENDER camera=camera_1 frame=510 source=raw timestamp=1783173890.461
2026-07-04 16:04:51,425 INFO visitor_counter.camera_manager: CAMERA_CAPTURE camera=camera_1 frame=540 shape=1280x720 timestamp=1783173891.425
2026-07-04 16:04:51,425 INFO visitor_counter.camera_manager: FRAME_PUBLISH camera=camera_1 frame=540
2026-07-04 16:04:51,796 INFO visitor_counter.camera_manager: CAMERA_CAPTURE camera=camera_2 frame=300 shape=1280x720 timestamp=1783173891.794
2026-07-04 16:04:51,796 INFO visitor_counter.camera_manager: FRAME_PUBLISH camera=camera_2 frame=300
2026-07-04 16:04:51,824 INFO visitor_counter.gui: GUI_RECEIVE camera=camera_2 frame=300 age_ms=31.0
2026-07-04 16:04:51,831 INFO visitor_counter.gui: GUI_RENDER camera=camera_2 frame=300 source=raw timestamp=1783173891.831
2026-07-04 16:04:51,898 INFO visitor_counter.gui: GUI_RENDER camera=camera_2 frame=300 source=processed timestamp=1783173891.898
2026-07-04 16:04:52,428 INFO visitor_counter.camera_manager: CAMERA_CAPTURE camera=camera_1 frame=570 shape=1280x720 timestamp=1783173892.428
2026-07-04 16:04:52,428 INFO visitor_counter.camera_manager: FRAME_PUBLISH camera=camera_1 frame=570
2026-07-04 16:04:53,425 INFO visitor_counter.camera_manager: CAMERA_CAPTURE camera=camera_1 frame=600 shape=1280x720 timestamp=1783173893.426
2026-07-04 16:04:53,426 INFO visitor_counter.camera_manager: FRAME_PUBLISH camera=camera_1 frame=600
2026-07-04 16:04:53,808 INFO visitor_counter.camera_manager: CAMERA_CAPTURE camera=camera_2 frame=330 shape=1280x720 timestamp=1783173893.801
2026-07-04 16:04:53,808 INFO visitor_counter.camera_manager: FRAME_PUBLISH camera=camera_2 frame=330
2026-07-04 16:04:53,876 INFO visitor_counter.gui: GUI_RECEIVE camera=camera_2 frame=330 age_ms=75.0
2026-07-04 16:04:53,878 INFO visitor_counter.gui: GUI_RENDER camera=camera_2 frame=330 source=raw timestamp=1783173893.879
2026-07-04 16:04:53,882 INFO visitor_counter.gui: GUI_RENDER camera=camera_2 frame=330 source=processed timestamp=1783173893.883
2026-07-04 16:04:54,426 INFO visitor_counter.camera_manager: CAMERA_CAPTURE camera=camera_1 frame=630 shape=1280x720 timestamp=1783173894.426
2026-07-04 16:04:54,426 INFO visitor_counter.camera_manager: FRAME_PUBLISH camera=camera_1 frame=630
2026-07-04 16:04:55,430 INFO visitor_counter.camera_manager: CAMERA_CAPTURE camera=camera_1 frame=660 shape=1280x720 timestamp=1783173895.431
2026-07-04 16:04:55,431 INFO visitor_counter.camera_manager: FRAME_PUBLISH camera=camera_1 frame=660
2026-07-04 16:04:55,803 INFO visitor_counter.camera_manager: CAMERA_CAPTURE camera=camera_2 frame=360 shape=1280x720 timestamp=1783173895.801
2026-07-04 16:04:55,810 INFO visitor_counter.camera_manager: FRAME_PUBLISH camera=camera_2 frame=360
2026-07-04 16:04:55,810 INFO visitor_counter.gui: GUI_RECEIVE camera=camera_2 frame=360 age_ms=10.1
2026-07-04 16:04:55,812 INFO visitor_counter.gui: GUI_RENDER camera=camera_2 frame=360 source=raw timestamp=1783173895.813
2026-07-04 16:04:55,951 INFO visitor_counter.gui: GUI_RENDER camera=camera_2 frame=360 source=processed timestamp=1783173895.951
2026-07-04 16:04:56,447 INFO visitor_counter.camera_manager: CAMERA_CAPTURE camera=camera_1 frame=690 shape=1280x720 timestamp=1783173896.442
2026-07-04 16:04:56,447 INFO visitor_counter.camera_manager: FRAME_PUBLISH camera=camera_1 frame=690
2026-07-04 16:04:56,457 INFO visitor_counter.gui: GUI_RECEIVE camera=camera_1 frame=690 age_ms=15.2
2026-07-04 16:04:56,460 INFO visitor_counter.gui: GUI_RENDER camera=camera_1 frame=690 source=raw timestamp=1783173896.460
2026-07-04 16:04:57,436 INFO visitor_counter.camera_manager: CAMERA_CAPTURE camera=camera_1 frame=720 shape=1280x720 timestamp=1783173897.437
2026-07-04 16:04:57,436 INFO visitor_counter.camera_manager: FRAME_PUBLISH camera=camera_1 frame=720
2026-07-04 16:04:57,797 INFO visitor_counter.camera_manager: CAMERA_CAPTURE camera=camera_2 frame=390 shape=1280x720 timestamp=1783173897.796
2026-07-04 16:04:57,798 INFO visitor_counter.camera_manager: FRAME_PUBLISH camera=camera_2 frame=390
2026-07-04 16:04:57,852 INFO visitor_counter.gui: GUI_RECEIVE camera=camera_2 frame=390 age_ms=56.9
2026-07-04 16:04:57,855 INFO visitor_counter.gui: GUI_RENDER camera=camera_2 frame=390 source=raw timestamp=1783173897.855
2026-07-04 16:04:57,858 INFO visitor_counter.gui: GUI_RENDER camera=camera_2 frame=390 source=processed timestamp=1783173897.859
2026-07-04 16:04:58,470 INFO visitor_counter.camera_manager: CAMERA_CAPTURE camera=camera_1 frame=750 shape=1280x720 timestamp=1783173898.471
2026-07-04 16:04:58,470 INFO visitor_counter.camera_manager: FRAME_PUBLISH camera=camera_1 frame=750
